{"uuid":"4631dae9-c4a9-43d3-9f7a-887c56f7b111","historyId":"78237c892368c5ad511eb4c79ed423d5","testCaseId":"[engine:junit-jupiter]/[class:com.magpie.QuoteInApiTest]/[test-template:testQuote(java.lang.String, java.lang.String, int, int, double, double, double, boolean, java.lang.String)]","testCaseName":"testQuote(String, String, int, int, double, double, double, boolean, String)","fullName":"com.magpie.QuoteInApiTest.testQuote","labels":[{"name":"junit.platform.uniqueid","value":"[engine:junit-jupiter]/[class:com.magpie.QuoteInApiTest]/[test-template:testQuote(java.lang.String, java.lang.String, int, int, double, double, double, boolean, java.lang.String)]/[test-template-invocation:#2]"},{"name":"host","value":"MBP1318.local"},{"name":"thread","value":"89334@MBP1318.local.main(1)"},{"name":"framework","value":"junit-platform"},{"name":"language","value":"java"},{"name":"package","value":"com.magpie.QuoteInApiTest"},{"name":"testClass","value":"com.magpie.QuoteInApiTest"},{"name":"testMethod","value":"testQuote"},{"name":"suite","value":"com.magpie.QuoteInApiTest"}],"links":[],"name":"testQuote(String, String, int, int, double, double, double, boolean, String) [2] bsc, 1, 2, 0.05, false","status":"broken","statusDetails":{"known":false,"muted":false,"flaky":false,"message":"Error converting parameter at index 3: Failed to convert String \"0.05\" to type int","trace":"org.junit.jupiter.api.extension.ParameterResolutionException: Error converting parameter at index 3: Failed to convert String \"0.05\" to type int\n\tat org.junit.jupiter.params.ParameterizedTestMethodContext.parameterResolutionException(ParameterizedTestMethodContext.java:273)\n\tat org.junit.jupiter.params.ParameterizedTestMethodContext.access$200(ParameterizedTestMethodContext.java:44)\n\tat org.junit.jupiter.params.ParameterizedTestMethodContext$Converter.resolve(ParameterizedTestMethodContext.java:238)\n\tat org.junit.jupiter.params.ParameterizedTestMethodContext.resolve(ParameterizedTestMethodContext.java:165)\n\tat org.junit.jupiter.params.ParameterizedTestParameterResolver.resolveParameter(ParameterizedTestParameterResolver.java:75)\n\tat org.junit.jupiter.engine.execution.ParameterResolutionUtils.resolveParameter(ParameterResolutionUtils.java:136)\n\tat org.junit.jupiter.engine.execution.ParameterResolutionUtils.resolveParameters(ParameterResolutionUtils.java:103)\n\tat org.junit.jupiter.engine.execution.ParameterResolutionUtils.resolveParameters(ParameterResolutionUtils.java:64)\n\tat org.junit.jupiter.engine.execution.InterceptingExecutableInvoker.invoke(InterceptingExecutableInvoker.java:84)\n\tat org.junit.jupiter.engine.descriptor.TestMethodTestDescriptor.lambda$invokeTestMethod$7(TestMethodTestDescriptor.java:218)\n\tat org.junit.platform.engine.support.hierarchical.ThrowableCollector.execute(ThrowableCollector.java:73)\n\tat org.junit.jupiter.engine.descriptor.TestMethodTestDescriptor.invokeTestMethod(TestMethodTestDescriptor.java:214)\n\tat org.junit.jupiter.engine.descriptor.TestMethodTestDescriptor.execute(TestMethodTestDescriptor.java:139)\n\tat org.junit.jupiter.engine.descriptor.TestMethodTestDescriptor.execute(TestMethodTestDescriptor.java:69)\n\tat org.junit.platform.engine.support.hierarchical.NodeTestTask.lambda$executeRecursively$6(NodeTestTask.java:151)\n\tat org.junit.platform.engine.support.hierarchical.ThrowableCollector.execute(ThrowableCollector.java:73)\n\tat org.junit.platform.engine.support.hierarchical.NodeTestTask.lambda$executeRecursively$8(NodeTestTask.java:141)\n\tat org.junit.platform.engine.support.hierarchical.Node.around(Node.java:137)\n\tat org.junit.platform.engine.support.hierarchical.NodeTestTask.lambda$executeRecursively$9(NodeTestTask.java:139)\n\tat org.junit.platform.engine.support.hierarchical.ThrowableCollector.execute(ThrowableCollector.java:73)\n\tat org.junit.platform.engine.support.hierarchical.NodeTestTask.executeRecursively(NodeTestTask.java:138)\n\tat org.junit.platform.engine.support.hierarchical.NodeTestTask.execute(NodeTestTask.java:95)\n\tat org.junit.platform.engine.support.hierarchical.SameThreadHierarchicalTestExecutorService.submit(SameThreadHierarchicalTestExecutorService.java:35)\n\tat org.junit.platform.engine.support.hierarchical.NodeTestTask$DefaultDynamicTestExecutor.execute(NodeTestTask.java:226)\n\tat org.junit.platform.engine.support.hierarchical.NodeTestTask$DefaultDynamicTestExecutor.execute(NodeTestTask.java:204)\n\tat org.junit.jupiter.engine.descriptor.TestTemplateTestDescriptor.execute(TestTemplateTestDescriptor.java:142)\n\tat org.junit.jupiter.engine.descriptor.TestTemplateTestDescriptor.lambda$execute$2(TestTemplateTestDescriptor.java:110)\n\tat java.base/java.util.stream.ForEachOps$ForEachOp$OfRef.accept(ForEachOps.java:184)\n\tat java.base/java.util.stream.ReferencePipeline$3$1.accept(ReferencePipeline.java:197)\n\tat java.base/java.util.stream.ReferencePipeline$2$1.accept(ReferencePipeline.java:179)\n\tat java.base/java.util.stream.ReferencePipeline$3$1.accept(ReferencePipeline.java:197)\n\tat java.base/java.util.stream.ForEachOps$ForEachOp$OfRef.accept(ForEachOps.java:184)\n\tat java.base/java.util.stream.ReferencePipeline$3$1.accept(ReferencePipeline.java:197)\n\tat java.base/java.util.stream.ReferencePipeline$3$1.accept(ReferencePipeline.java:197)\n\tat java.base/java.util.stream.ReferencePipeline$3$1.accept(ReferencePipeline.java:197)\n\tat java.base/java.util.ArrayList$ArrayListSpliterator.forEachRemaining(ArrayList.java:1708)\n\tat java.base/java.util.stream.ReferencePipeline$Head.forEach(ReferencePipeline.java:762)\n\tat java.base/java.util.stream.ReferencePipeline$7$1.accept(ReferencePipeline.java:276)\n\tat java.base/java.util.stream.ReferencePipeline$3$1.accept(ReferencePipeline.java:197)\n\tat java.base/java.util.stream.ReferencePipeline$3$1.accept(ReferencePipeline.java:197)\n\tat java.base/java.util.stream.ReferencePipeline$3$1.accept(ReferencePipeline.java:197)\n\tat java.base/java.util.ArrayList$ArrayListSpliterator.forEachRemaining(ArrayList.java:1708)\n\tat java.base/java.util.stream.AbstractPipeline.copyInto(AbstractPipeline.java:509)\n\tat java.base/java.util.stream.AbstractPipeline.wrapAndCopyInto(AbstractPipeline.java:499)\n\tat java.base/java.util.stream.ForEachOps$ForEachOp.evaluateSequential(ForEachOps.java:151)\n\tat java.base/java.util.stream.ForEachOps$ForEachOp$OfRef.evaluateSequential(ForEachOps.java:174)\n\tat java.base/java.util.stream.AbstractPipeline.evaluate(AbstractPipeline.java:234)\n\tat java.base/java.util.stream.ReferencePipeline.forEach(ReferencePipeline.java:596)\n\tat java.base/java.util.stream.ReferencePipeline$7$1.accept(ReferencePipeline.java:276)\n\tat java.base/java.util.ArrayList$ArrayListSpliterator.forEachRemaining(ArrayList.java:1708)\n\tat java.base/java.util.stream.AbstractPipeline.copyInto(AbstractPipeline.java:509)\n\tat java.base/java.util.stream.AbstractPipeline.wrapAndCopyInto(AbstractPipeline.java:499)\n\tat java.base/java.util.stream.ForEachOps$ForEachOp.evaluateSequential(ForEachOps.java:151)\n\tat java.base/java.util.stream.ForEachOps$ForEachOp$OfRef.evaluateSequential(ForEachOps.java:174)\n\tat java.base/java.util.stream.AbstractPipeline.evaluate(AbstractPipeline.java:234)\n\tat java.base/java.util.stream.ReferencePipeline.forEach(ReferencePipeline.java:596)\n\tat org.junit.jupiter.engine.descriptor.TestTemplateTestDescriptor.execute(TestTemplateTestDescriptor.java:110)\n\tat org.junit.jupiter.engine.descriptor.TestTemplateTestDescriptor.execute(TestTemplateTestDescriptor.java:44)\n\tat org.junit.platform.engine.support.hierarchical.NodeTestTask.lambda$executeRecursively$6(NodeTestTask.java:151)\n\tat org.junit.platform.engine.support.hierarchical.ThrowableCollector.execute(ThrowableCollector.java:73)\n\tat org.junit.platform.engine.support.hierarchical.NodeTestTask.lambda$executeRecursively$8(NodeTestTask.java:141)\n\tat org.junit.platform.engine.support.hierarchical.Node.around(Node.java:137)\n\tat org.junit.platform.engine.support.hierarchical.NodeTestTask.lambda$executeRecursively$9(NodeTestTask.java:139)\n\tat org.junit.platform.engine.support.hierarchical.ThrowableCollector.execute(ThrowableCollector.java:73)\n\tat org.junit.platform.engine.support.hierarchical.NodeTestTask.executeRecursively(NodeTestTask.java:138)\n\tat org.junit.platform.engine.support.hierarchical.NodeTestTask.execute(NodeTestTask.java:95)\n\tat java.base/java.util.ArrayList.forEach(ArrayList.java:1596)\n\tat org.junit.platform.engine.support.hierarchical.SameThreadHierarchicalTestExecutorService.invokeAll(SameThreadHierarchicalTestExecutorService.java:41)\n\tat org.junit.platform.engine.support.hierarchical.NodeTestTask.lambda$executeRecursively$6(NodeTestTask.java:155)\n\tat org.junit.platform.engine.support.hierarchical.ThrowableCollector.execute(ThrowableCollector.java:73)\n\tat org.junit.platform.engine.support.hierarchical.NodeTestTask.lambda$executeRecursively$8(NodeTestTask.java:141)\n\tat org.junit.platform.engine.support.hierarchical.Node.around(Node.java:137)\n\tat org.junit.platform.engine.support.hierarchical.NodeTestTask.lambda$executeRecursively$9(NodeTestTask.java:139)\n\tat org.junit.platform.engine.support.hierarchical.ThrowableCollector.execute(ThrowableCollector.java:73)\n\tat org.junit.platform.engine.support.hierarchical.NodeTestTask.executeRecursively(NodeTestTask.java:138)\n\tat org.junit.platform.engine.support.hierarchical.NodeTestTask.execute(NodeTestTask.java:95)\n\tat java.base/java.util.ArrayList.forEach(ArrayList.java:1596)\n\tat org.junit.platform.engine.support.hierarchical.SameThreadHierarchicalTestExecutorService.invokeAll(SameThreadHierarchicalTestExecutorService.java:41)\n\tat org.junit.platform.engine.support.hierarchical.NodeTestTask.lambda$executeRecursively$6(NodeTestTask.java:155)\n\tat org.junit.platform.engine.support.hierarchical.ThrowableCollector.execute(ThrowableCollector.java:73)\n\tat org.junit.platform.engine.support.hierarchical.NodeTestTask.lambda$executeRecursively$8(NodeTestTask.java:141)\n\tat org.junit.platform.engine.support.hierarchical.Node.around(Node.java:137)\n\tat org.junit.platform.engine.support.hierarchical.NodeTestTask.lambda$executeRecursively$9(NodeTestTask.java:139)\n\tat org.junit.platform.engine.support.hierarchical.ThrowableCollector.execute(ThrowableCollector.java:73)\n\tat org.junit.platform.engine.support.hierarchical.NodeTestTask.executeRecursively(NodeTestTask.java:138)\n\tat org.junit.platform.engine.support.hierarchical.NodeTestTask.execute(NodeTestTask.java:95)\n\tat org.junit.platform.engine.support.hierarchical.SameThreadHierarchicalTestExecutorService.submit(SameThreadHierarchicalTestExecutorService.java:35)\n\tat org.junit.platform.engine.support.hierarchical.HierarchicalTestExecutor.execute(HierarchicalTestExecutor.java:57)\n\tat org.junit.platform.engine.support.hierarchical.HierarchicalTestEngine.execute(HierarchicalTestEngine.java:54)\n\tat org.junit.platform.launcher.core.EngineExecutionOrchestrator.execute(EngineExecutionOrchestrator.java:147)\n\tat org.junit.platform.launcher.core.EngineExecutionOrchestrator.execute(EngineExecutionOrchestrator.java:127)\n\tat org.junit.platform.launcher.core.EngineExecutionOrchestrator.execute(EngineExecutionOrchestrator.java:90)\n\tat org.junit.platform.launcher.core.EngineExecutionOrchestrator.lambda$execute$0(EngineExecutionOrchestrator.java:55)\n\tat org.junit.platform.launcher.core.EngineExecutionOrchestrator.withInterceptedStreams(EngineExecutionOrchestrator.java:102)\n\tat org.junit.platform.launcher.core.EngineExecutionOrchestrator.execute(EngineExecutionOrchestrator.java:54)\n\tat org.junit.platform.launcher.core.DefaultLauncher.execute(DefaultLauncher.java:114)\n\tat org.junit.platform.launcher.core.DefaultLauncher.execute(DefaultLauncher.java:86)\n\tat org.junit.platform.launcher.core.DefaultLauncherSession$DelegatingLauncher.execute(DefaultLauncherSession.java:86)\n\tat org.junit.platform.launcher.core.SessionPerRequestLauncher.execute(SessionPerRequestLauncher.java:53)\n\tat com.intellij.junit5.JUnit5IdeaTestRunner.startRunnerWithArgs(JUnit5IdeaTestRunner.java:57)\n\tat com.intellij.rt.junit.IdeaTestRunner$Repeater$1.execute(IdeaTestRunner.java:38)\n\tat com.intellij.rt.execution.junit.TestsRepeater.repeat(TestsRepeater.java:11)\n\tat com.intellij.rt.junit.IdeaTestRunner$Repeater.startRunnerWithArgs(IdeaTestRunner.java:35)\n\tat com.intellij.rt.junit.JUnitStarter.prepareStreamsAndStart(JUnitStarter.java:235)\n\tat com.intellij.rt.junit.JUnitStarter.main(JUnitStarter.java:54)\nCaused by: org.junit.jupiter.params.converter.ArgumentConversionException: Failed to convert String \"0.05\" to type int\n\tat org.junit.jupiter.params.converter.DefaultArgumentConverter.convert(DefaultArgumentConverter.java:107)\n\tat org.junit.jupiter.params.converter.DefaultArgumentConverter.convert(DefaultArgumentConverter.java:74)\n\tat org.junit.jupiter.params.ParameterizedTestMethodContext$Converter.resolve(ParameterizedTestMethodContext.java:235)\n\t... 102 more\nCaused by: java.lang.NumberFormatException: For input string: \".05\" under radix 8\n\tat java.base/java.lang.NumberFormatException.forInputString(NumberFormatException.java:67)\n\tat java.base/java.lang.Integer.parseInt(Integer.java:648)\n\tat java.base/java.lang.Integer.decode(Integer.java:1450)\n\tat org.junit.jupiter.params.converter.StringToNumberConverter.convert(StringToNumberConverter.java:47)\n\tat org.junit.jupiter.params.converter.StringToObjectConverter.convert(StringToObjectConverter.java:43)\n\tat org.junit.jupiter.params.converter.DefaultArgumentConverter.convert(DefaultArgumentConverter.java:98)\n\t... 104 more\n"},"stage":"finished","description":"","steps":[],"attachments":[],"parameters":[{"name":"UniqueId","value":"[engine:junit-jupiter]/[class:com.magpie.QuoteInApiTest]/[test-template:testQuote(java.lang.String, java.lang.String, int, int, double, double, double, boolean, java.lang.String)]/[test-template-invocation:#2]","mode":"hidden"}],"start":1743366716439,"stop":1743366716441}